<?xml version="1.0" encoding="UTF-8"?>
<!-- Generated by org.testng.reporters.JUnitReportReporter -->
<testsuite hostname="LAPTOP-AJN53GD2" failures="0" tests="1" name="com.runner.TestRunner" time="4.223" errors="0" timestamp="22 Mar 2023 05:15:10 GMT" skipped="0">
  <testcase classname="com.runner.TestRunner" name="runScenario" time="4.223"/>
</testsuite> <!-- com.runner.TestRunner -->
